Fri Mar 22 2019 20:31:56 GMT+0600 (Bangladesh Standard Time):GET, /
Fri Mar 22 2019 20:31:57 GMT+0600 (Bangladesh Standard Time):GET, /ajaira/ajaira.css
Fri Mar 22 2019 20:32:25 GMT+0600 (Bangladesh Standard Time):GET, /
Fri Mar 22 2019 20:36:56 GMT+0600 (Bangladesh Standard Time):GET, /about
Fri Mar 22 2019 20:36:56 GMT+0600 (Bangladesh Standard Time):GET, /ajaira/ajaira.css
Fri Mar 22 2019 20:37:18 GMT+0600 (Bangladesh Standard Time):GET, /about
Fri Mar 22 2019 20:41:33 GMT+0600 (Bangladesh Standard Time):GET, /about
Fri Mar 22 2019 20:41:37 GMT+0600 (Bangladesh Standard Time):GET, /about
Fri Mar 22 2019 20:44:37 GMT+0600 (Bangladesh Standard Time):GET, /about
Fri Mar 22 2019 20:44:37 GMT+0600 (Bangladesh Standard Time):GET, /about
Fri Mar 22 2019 20:44:38 GMT+0600 (Bangladesh Standard Time):GET, /about
Fri Mar 22 2019 20:44:38 GMT+0600 (Bangladesh Standard Time):GET, /about
Fri Mar 22 2019 20:44:39 GMT+0600 (Bangladesh Standard Time):GET, /about
Fri Mar 22 2019 20:44:55 GMT+0600 (Bangladesh Standard Time):GET, /about
Fri Mar 22 2019 20:44:56 GMT+0600 (Bangladesh Standard Time):GET, /about
Fri Mar 22 2019 20:44:56 GMT+0600 (Bangladesh Standard Time):GET, /about
Fri Mar 22 2019 20:44:57 GMT+0600 (Bangladesh Standard Time):GET, /about
Fri Mar 22 2019 20:44:57 GMT+0600 (Bangladesh Standard Time):GET, /about
Fri Mar 22 2019 20:48:13 GMT+0600 (Bangladesh Standard Time):GET, /about
Fri Mar 22 2019 20:48:14 GMT+0600 (Bangladesh Standard Time):GET, /about
Fri Mar 22 2019 20:48:22 GMT+0600 (Bangladesh Standard Time):GET, /help.html
Fri Mar 22 2019 20:48:52 GMT+0600 (Bangladesh Standard Time):GET, /help.html
Fri Mar 22 2019 20:48:52 GMT+0600 (Bangladesh Standard Time):GET, /ajaira/ajaira.css
Sat Mar 23 2019 10:36:03 GMT+0600 (Bangladesh Standard Time):GET, /help.html
Sat Mar 23 2019 10:36:03 GMT+0600 (Bangladesh Standard Time):GET, /ajaira/ajaira.css
Sat Mar 23 2019 10:36:04 GMT+0600 (Bangladesh Standard Time):GET, /favicon.ico
